<?xml version="1.0" encoding="UTF-8"?>
<!-- Generated by org.testng.reporters.JUnitReportReporter -->
<testsuite hostname="Ranjan-PC" name="Script.VerifVversion" tests="1" failures="0" timestamp="1 Mar 2017 18:46:21 GMT" time="5.627" errors="0">
  <testcase name="testVerifVversion" time="5.627" classname="Script.VerifVversion"/>
</testsuite> <!-- Script.VerifVversion -->
