<?xml version="1.0" encoding="UTF-8"?>
<!-- Generated by org.testng.reporters.JUnitReportReporter -->
<testsuite hostname="Ranjan-PC" name="Script.VerifyLoginPage" tests="1" failures="0" timestamp="1 Mar 2017 18:45:48 GMT" time="3.238" errors="0">
  <testcase name="TestVerifyLoginPage" time="3.238" classname="Script.VerifyLoginPage"/>
</testsuite> <!-- Script.VerifyLoginPage -->
